<?xml version="1.0" encoding="UTF-8"?>
<!-- Generated by org.testng.reporters.JUnitXMLReporter -->
<testsuite hostname="BabyBeast" ignored="0" name="Test" tests="6" failures="0" timestamp="07 Dec 2018 21:45:16 GMT" time="0.886" errors="0">
  <testcase name="verificationOfSumOfOddNumbers" time="0.069" classname="qaAutomation.testsuite.SumOfOddNumbersTestSuite"/>
  <testcase name="verificationOfSumOfOddNumbersForNegativeRanges" time="0.01" classname="qaAutomation.testsuite.SumOfOddNumbersTestSuite"/>
  <testcase name="verificationOfSumOfOddNumbersForNegativeStartRange" time="0.01" classname="qaAutomation.testsuite.SumOfOddNumbersTestSuite"/>
  <testcase name="verificationOfSumOfOddNumbersForNegativeEndRange" time="0.01" classname="qaAutomation.testsuite.SumOfOddNumbersTestSuite"/>
  <testcase name="verificationOfErrorMessageForNonNumericStartRange" time="0.015" classname="qaAutomation.testsuite.SumOfOddNumbersTestSuite"/>
  <testcase name="verificationOfErrorMessageForNonNumericEndRange" time="0.013" classname="qaAutomation.testsuite.SumOfOddNumbersTestSuite"/>
</testsuite> <!-- Test -->
