<?xml version="1.0" encoding="UTF-8"?>
<!-- Generated by org.testng.reporters.JUnitXMLReporter -->
<testsuite hostname="BabyBeast" ignored="0" name="Default test" tests="6" failures="0" timestamp="22 Sep 2018 05:25:33 GMT" time="0.635" errors="0">
  <testcase name="verificationOfErrorMessageForNonNumericEndRange" time="0.059" classname="qaAutomation.testsuite.SumOfOddNumbersTestSuite"/>
  <testcase name="verificationOfErrorMessageForNonNumericStartRange" time="0.01" classname="qaAutomation.testsuite.SumOfOddNumbersTestSuite"/>
  <testcase name="verificationOfSumOfOddNumbers" time="0.006" classname="qaAutomation.testsuite.SumOfOddNumbersTestSuite"/>
  <testcase name="verificationOfSumOfOddNumbersForNegativeEndRange" time="0.007" classname="qaAutomation.testsuite.SumOfOddNumbersTestSuite"/>
  <testcase name="verificationOfSumOfOddNumbersForNegativeRanges" time="0.006" classname="qaAutomation.testsuite.SumOfOddNumbersTestSuite"/>
  <testcase name="verificationOfSumOfOddNumbersForNegativeStartRange" time="0.007" classname="qaAutomation.testsuite.SumOfOddNumbersTestSuite"/>
</testsuite> <!-- Default test -->
